
> osb-kit@0.0.1 build C:\Users\Phoebe\Downloads\OnSiteBooking\packages\osb-kit
> vite build


[36mvite v4.4.5 [32mbuilding SSR bundle for production...[36m[39m
transforming...
02:04:37 [vite-plugin-svelte] /src/routes/+page.svelte:34:1 Unused CSS selector "html"
32: 
33: <style>
34:   html {
      ^
35:     -webkit-font-smoothing: antialiased;
36:     -moz-osx-font-smoothing: grayscale;
02:04:37 [vite-plugin-svelte] /src/routes/+page.svelte:47:1 Unused CSS selector "strong"
45:   }
46: 
47:   strong,
      ^
48:   b {
49:     font-weight: 700;
02:04:37 [vite-plugin-svelte] /src/routes/+page.svelte:48:1 Unused CSS selector "b"
46: 
47:   strong,
48:   b {
      ^
49:     font-weight: 700;
50:   }
02:04:37 [vite-plugin-svelte] /src/routes/+page.svelte:52:1 Unused CSS selector "body"
50:   }
51: 
52:   body {
      ^
53:     margin: 0;
54:     color: rgba(0, 0, 0, 0.87);
02:04:37 [vite-plugin-svelte] /src/routes/+page.svelte:64:2 Unused CSS selector "body"
62: 
63:   @media print {
64:     body {
        ^
65:       background-color: #fff;
66:     }
02:04:37 [vite-plugin-svelte] /src/routes/+page.svelte:69:1 Unused CSS selector "body::backdrop"
67:   }
68: 
69:   body::backdrop {
      ^
70:     background-color: #fff;
71:   }
02:04:38 [vite-plugin-svelte] /src/lib/components/templates/LayoutDefault.svelte:7:11 LayoutDefault has unused export property 'footerProps'. If it is for external reference only, please consider using `export const footerProps`
 5: export let mainProps = {};
 6: export let headerProps = {};
 7: export let footerProps = {};
               ^
 8: export let isLoading = false;
 9: export let showError = false;
02:04:38 [vite-plugin-svelte] /src/lib/components/templates/LayoutDefault.svelte:10:11 LayoutDefault has unused export property 'footer'. If it is for external reference only, please consider using `export const footer`
 8: export let isLoading = false;
 9: export let showError = false;
10: export let footer = null;
               ^
11: export let withPadding = true;
12: let ref;
02:04:38 [vite-plugin-svelte] /src/lib/components/atoms/icons/MdCloseIcon.svelte:1:29 MdCloseIcon has unused export property 'size'. If it is for external reference only, please consider using `export const size`
1: <script lang="ts">export let size = 20;
                                ^
2: </script>
3: 
02:04:38 [vite-plugin-svelte] /src/lib/components/atoms/icons/HamburgerIcon.svelte:1:29 HamburgerIcon has unused export property 'size'. If it is for external reference only, please consider using `export const size`
1: <script lang="ts">export let size = 20;
                                ^
2: </script>
3: 
[32m✓[39m 569 modules transformed.
rendering chunks...

[36mvite v4.4.5 [32mbuilding for production...[36m[39m
transforming...
02:04:41 [vite-plugin-svelte] /src/routes/+page.svelte:34:1 Unused CSS selector "html"
32: 
33: <style>
34:   html {
      ^
35:     -webkit-font-smoothing: antialiased;
36:     -moz-osx-font-smoothing: grayscale;
02:04:41 [vite-plugin-svelte] /src/routes/+page.svelte:47:1 Unused CSS selector "strong"
45:   }
46: 
47:   strong,
      ^
48:   b {
49:     font-weight: 700;
02:04:41 [vite-plugin-svelte] /src/routes/+page.svelte:48:1 Unused CSS selector "b"
46: 
47:   strong,
48:   b {
      ^
49:     font-weight: 700;
50:   }
02:04:41 [vite-plugin-svelte] /src/routes/+page.svelte:52:1 Unused CSS selector "body"
50:   }
51: 
52:   body {
      ^
53:     margin: 0;
54:     color: rgba(0, 0, 0, 0.87);
02:04:41 [vite-plugin-svelte] /src/routes/+page.svelte:64:2 Unused CSS selector "body"
62: 
63:   @media print {
64:     body {
        ^
65:       background-color: #fff;
66:     }
02:04:41 [vite-plugin-svelte] /src/routes/+page.svelte:69:1 Unused CSS selector "body::backdrop"
67:   }
68: 
69:   body::backdrop {
      ^
70:     background-color: #fff;
71:   }
02:04:41 [vite-plugin-svelte] /src/lib/components/templates/LayoutDefault.svelte:7:11 LayoutDefault has unused export property 'footerProps'. If it is for external reference only, please consider using `export const footerProps`
 5: export let mainProps = {};
 6: export let headerProps = {};
 7: export let footerProps = {};
               ^
 8: export let isLoading = false;
 9: export let showError = false;
02:04:41 [vite-plugin-svelte] /src/lib/components/templates/LayoutDefault.svelte:10:11 LayoutDefault has unused export property 'footer'. If it is for external reference only, please consider using `export const footer`
 8: export let isLoading = false;
 9: export let showError = false;
10: export let footer = null;
               ^
11: export let withPadding = true;
12: let ref;
02:04:41 [vite-plugin-svelte] /src/lib/components/atoms/icons/MdCloseIcon.svelte:1:29 MdCloseIcon has unused export property 'size'. If it is for external reference only, please consider using `export const size`
1: <script lang="ts">export let size = 20;
                                ^
2: </script>
3: 
02:04:41 [vite-plugin-svelte] /src/lib/components/atoms/icons/HamburgerIcon.svelte:1:29 HamburgerIcon has unused export property 'size'. If it is for external reference only, please consider using `export const size`
1: <script lang="ts">export let size = 20;
                                ^
2: </script>
3: 
[32m✓[39m 551 modules transformed.
rendering chunks...
computing gzip size...
[2m.svelte-kit/output/client/[22m[32m_app/version.json                             [39m[1m[2m 0.03 kB[22m[1m[22m[2m │ gzip:  0.05 kB[22m
[2m.svelte-kit/output/client/[22m[32mvite-manifest.json                            [39m[1m[2m 3.63 kB[22m[1m[22m[2m │ gzip:  0.59 kB[22m
[2m.svelte-kit/output/client/[22m[35m_app/immutable/assets/2.4e2fc2e7.css          [39m[1m[2m 0.08 kB[22m[1m[22m[2m │ gzip:  0.07 kB[22m
[2m.svelte-kit/output/client/[22m[35m_app/immutable/assets/0.794120d8.css          [39m[1m[2m10.40 kB[22m[1m[22m[2m │ gzip:  3.10 kB[22m
[2m.svelte-kit/output/client/[22m[36m_app/immutable/chunks/stores.be92e3bb.js      [39m[1m[2m 0.24 kB[22m[1m[22m[2m │ gzip:  0.17 kB[22m
[2m.svelte-kit/output/client/[22m[36m_app/immutable/chunks/control.f5b05b5f.js     [39m[1m[2m 0.25 kB[22m[1m[22m[2m │ gzip:  0.18 kB[22m
[2m.svelte-kit/output/client/[22m[36m_app/immutable/nodes/1.6bd883e4.js            [39m[1m[2m 0.84 kB[22m[1m[22m[2m │ gzip:  0.52 kB[22m
[2m.svelte-kit/output/client/[22m[36m_app/immutable/nodes/3.0ec946f4.js            [39m[1m[2m 1.05 kB[22m[1m[22m[2m │ gzip:  0.67 kB[22m
[2m.svelte-kit/output/client/[22m[36m_app/immutable/nodes/0.f8a0c0fc.js            [39m[1m[2m 1.08 kB[22m[1m[22m[2m │ gzip:  0.69 kB[22m
[2m.svelte-kit/output/client/[22m[36m_app/immutable/chunks/scheduler.0415f370.js   [39m[1m[2m 2.36 kB[22m[1m[22m[2m │ gzip:  1.11 kB[22m
[2m.svelte-kit/output/client/[22m[36m_app/immutable/chunks/singletons.1dda7c67.js  [39m[1m[2m 2.85 kB[22m[1m[22m[2m │ gzip:  1.46 kB[22m
[2m.svelte-kit/output/client/[22m[36m_app/immutable/entry/app.44e26f2a.js          [39m[1m[2m 6.28 kB[22m[1m[22m[2m │ gzip:  2.42 kB[22m
[2m.svelte-kit/output/client/[22m[36m_app/immutable/chunks/index.a5839f6e.js       [39m[1m[2m 7.39 kB[22m[1m[22m[2m │ gzip:  3.05 kB[22m
[2m.svelte-kit/output/client/[22m[36m_app/immutable/nodes/2.5c73c562.js            [39m[1m[2m12.74 kB[22m[1m[22m[2m │ gzip:  5.00 kB[22m
[2m.svelte-kit/output/client/[22m[36m_app/immutable/entry/start.18a45a91.js        [39m[1m[2m24.59 kB[22m[1m[22m[2m │ gzip:  9.70 kB[22m
[2m.svelte-kit/output/client/[22m[36m_app/immutable/chunks/index.9cba83d4.js       [39m[1m[2m64.77 kB[22m[1m[22m[2m │ gzip: 19.45 kB[22m
[32m✓ built in 1.68s[39m
[2m.svelte-kit/output/server/[22m[32mvite-manifest.json                          [39m[1m[2m  2.89 kB[22m[1m[22m
[2m.svelte-kit/output/server/[22m[35m_app/immutable/assets/_page.4e2fc2e7.css    [39m[1m[2m  0.08 kB[22m[1m[22m
[2m.svelte-kit/output/server/[22m[35m_app/immutable/assets/_layout.1e0ba0b5.css  [39m[1m[2m 10.39 kB[22m[1m[22m
[2m.svelte-kit/output/server/[22m[36mentries/pages/_layout.ts.js                 [39m[1m[2m  0.07 kB[22m[1m[22m
[2m.svelte-kit/output/server/[22m[36minternal.js                                 [39m[1m[2m  0.19 kB[22m[1m[22m
[2m.svelte-kit/output/server/[22m[36mentries/pages/_page.ts.js                   [39m[1m[2m  0.33 kB[22m[1m[22m
[2m.svelte-kit/output/server/[22m[36mentries/pages/_apiKey_/_page.svelte.js      [39m[1m[2m  0.38 kB[22m[1m[22m
[2m.svelte-kit/output/server/[22m[36mentries/pages/_layout.svelte.js             [39m[1m[2m  0.46 kB[22m[1m[22m
[2m.svelte-kit/output/server/[22m[36mentries/fallbacks/error.svelte.js           [39m[1m[2m  0.47 kB[22m[1m[22m
[2m.svelte-kit/output/server/[22m[36mchunks/stores.js                            [39m[1m[2m  0.52 kB[22m[1m[22m
[2m.svelte-kit/output/server/[22m[36mentries/pages/_apiKey_/_page.ts.js          [39m[1m[2m  0.57 kB[22m[1m[22m
[2m.svelte-kit/output/server/[22m[36mchunks/index.js                             [39m[1m[2m  1.99 kB[22m[1m[22m
[2m.svelte-kit/output/server/[22m[36mchunks/internal.js                          [39m[1m[2m  5.45 kB[22m[1m[22m
[2m.svelte-kit/output/server/[22m[36mentries/pages/_page.svelte.js               [39m[1m[2m  6.55 kB[22m[1m[22m
[2m.svelte-kit/output/server/[22m[36mchunks/ssr.js                               [39m[1m[2m  7.18 kB[22m[1m[22m
[2m.svelte-kit/output/server/[22m[36mindex.js                                    [39m[1m[2m109.45 kB[22m[1m[22m
[2m.svelte-kit/output/server/[22m[36mchunks/index2.js                            [39m[1m[2m125.61 kB[22m[1m[22m

Run npm run preview to preview your production build locally.

> Using @sveltejs/adapter-static
  Wrote site to "build"
  ✔ done
[32m✓ built in 7.46s[39m
